C51 COMPILER V9.60.0.0   DHT11                                                             02/27/2022 19:03:50 PAGE 1   


C51 COMPILER V9.60.0.0, COMPILATION OF MODULE DHT11
OBJECT MODULE PLACED IN .\Objects\DHT11.obj
COMPILER INVOKED BY: D:\Code\ARM\C51\BIN\C51.EXE LIB\DHT11\DHT11.c OPTIMIZE(8,SPEED) BROWSE INCDIR(.\LIB\DHT11;.\LIB\LCD
                    -) DEBUG OBJECTEXTEND PRINT(.\Listings\DHT11.lst) TABS(2) OBJECT(.\Objects\DHT11.obj)

line level    source

   1          #include<reg51.h>
   2          #include "DHT11.h"
   3          
   4          
   5          
   6          
   7          //DHT11起始信号
   8          
   9          void DHT11_start()  
  10          {
  11   1        Temp_data=1;
  12   1        
  13   1        DHT11_delay_us(2);
  14   1        
  15   1        Temp_data=0;
  16   1        
  17   1        DHT11_delay_ms(20);
  18   1        
  19   1        Temp_data=1;
  20   1        
  21   1        DHT11_delay_us(13);
  22   1        
  23   1      
  24   1      }
  25          
  26          //接收一个字节
  27          
  28          
  29          unsigned char DHT11_rec_byte()
  30          {
  31   1        
  32   1        unsigned char i,dat;
  33   1      
  34   1        
  35   1        for(i=0;i<8;i++)
  36   1        {
  37   2            while(!Temp_data);
  38   2            DHT11_delay_us(8);
  39   2            dat<<=1;
  40   2            if(Temp_data==1)
  41   2            {
  42   3              dat+=1;
  43   3            }
  44   2            while(Temp_data);
  45   2        }
  46   1      
  47   1        return dat;
  48   1      
  49   1        
  50   1      }
  51          
  52          
  53          //接收温湿度数据
  54          void DHT11_receive()
C51 COMPILER V9.60.0.0   DHT11                                                             02/27/2022 19:03:50 PAGE 2   

  55          {
  56   1        
  57   1        unsigned int R_H,R_L,T_H,T_L;
  58   1        unsigned char RH,RL,TH,TL,revise;
  59   1      
  60   1        DHT11_start();
  61   1        Temp_data=1;
  62   1        if(Temp_data==0)
  63   1        {
  64   2          while(Temp_data==0);   //等待拉高     
  65   2              DHT11_delay_us(40);  //拉高后延时80us
  66   2          
  67   2              R_H=DHT11_rec_byte();    //接收湿度高八位  
  68   2              R_L=DHT11_rec_byte();    //接收湿度低八位  
  69   2              T_H=DHT11_rec_byte();    //接收温度高八位  
  70   2              T_L=DHT11_rec_byte();    //接收温度低八位
  71   2              revise=DHT11_rec_byte(); //接收校正位
  72   2      
  73   2              DHT11_delay_us(25);    //结束
  74   2      
  75   2              if((R_H+R_L+T_H+T_L)==revise)      //校正
  76   2              {
  77   3                  RH=R_H;
  78   3                  RL=R_L;
  79   3                  TH=T_H;
  80   3                  TL=T_L;
  81   3        
  82   3              } 
  83   2            
  84   2      //        rec_dat[0]=RH;
  85   2      //        rec_dat[1]=RL;
  86   2              rec_dat[2]=TH;
  87   2              rec_dat[3]=TL;
  88   2      
  89   2        }
  90   1        
  91   1      }
  92          
  93          //延时us   --2*n+5us
  94          void DHT11_delay_us(unsigned char n)
  95          {
  96   1          while(--n);
  97   1      }
  98          
  99          //延时ms
 100          void DHT11_delay_ms(unsigned int z)
 101          {
 102   1         unsigned int i,j;
 103   1         for(i=z;i>0;i--)
 104   1            for(j=110;j>0;j--);
 105   1      }


MODULE INFORMATION:   STATIC OVERLAYABLE
   CODE SIZE        =    218    ----
   CONSTANT SIZE    =   ----    ----
   XDATA SIZE       =   ----    ----
   PDATA SIZE       =   ----    ----
   DATA SIZE        =   ----      15
   IDATA SIZE       =   ----    ----
   BIT SIZE         =   ----    ----
END OF MODULE INFORMATION.

C51 COMPILER V9.60.0.0   DHT11                                                             02/27/2022 19:03:50 PAGE 3   


C51 COMPILATION COMPLETE.  0 WARNING(S),  0 ERROR(S)
