C51 COMPILER V9.60.0.0   LCD                                                               02/27/2022 19:03:50 PAGE 1   


C51 COMPILER V9.60.0.0, COMPILATION OF MODULE LCD
OBJECT MODULE PLACED IN .\Objects\lcd.obj
COMPILER INVOKED BY: D:\Code\ARM\C51\BIN\C51.EXE LIB\LCD\lcd.c OPTIMIZE(8,SPEED) BROWSE INCDIR(.\LIB\DHT11;.\LIB\LCD) DE
                    -BUG OBJECTEXTEND PRINT(.\Listings\lcd.lst) TABS(2) OBJECT(.\Objects\lcd.obj)

line level    source

   1          #include"lcd.h"
   2          
   3          
   4          //void Read_Busy()           //忙检测函数，判断bit7是0，允许执行；1禁止
   5          //{
   6          //    unsigned char sta;      //
   7          //    LCD1602_DB = 0xff;
   8          //    LCD1602_RS = 0;
   9          //    LCD1602_RW = 1;
  10          //    do
  11          //    {
  12          //        LCD1602_EN = 1;
  13          //        sta = LCD1602_DB;
  14          //        LCD1602_EN = 0;    //使能，用完就拉低，释放总线
  15          //    }while(sta & 0x80);
  16          //}
  17          
  18          
  19          void Lcd1602_Write_Cmd(unsigned char cmd)     //写命令
  20          {
  21   1          //Read_Busy();
  22   1          LCD1602_RS = 0;
  23   1          LCD1602_RW = 0;
  24   1          LCD1602_DB = cmd;
  25   1          LCD_Delay10ms(1);
  26   1          LCD1602_EN = 1;
  27   1          LCD_Delay10ms(1);
  28   1          LCD1602_EN = 0;    
  29   1      }
  30          
  31          void Lcd1602_Write_Data(unsigned char dat)   //写数据
  32          {
  33   1            //Read_Busy();
  34   1            LCD1602_RS = 1;
  35   1            LCD1602_RW = 0;
  36   1            LCD1602_DB = dat;
  37   1            LCD_Delay10ms(1);
  38   1            LCD1602_EN = 1;
  39   1            LCD_Delay10ms(1);
  40   1            LCD1602_EN = 0;
  41   1      }
  42          //指定位置开始显示数据！
  43          void LcdSetCursor(unsigned char x,unsigned char y)  //坐标显示
  44          {
  45   1          unsigned char addr;
  46   1          if(y == 0)
  47   1              addr = 0x00 + x;//第一行开始，x表示一行的第x个
  48   1          else
  49   1              addr = 0x40 + x;//第二行开始，x表示一行的第x个
  50   1          
  51   1          Lcd1602_Write_Cmd(addr|0x80);
  52   1      }
  53          
  54          void LcdShowStr(unsigned char x,unsigned char y,unsigned char *str)     //显示字符串
C51 COMPILER V9.60.0.0   LCD                                                               02/27/2022 19:03:50 PAGE 2   

  55          {
  56   1          LcdSetCursor(x,y);      //当前字符的坐标
  57   1          while(*str != '\0')
  58   1          {
  59   2              Lcd1602_Write_Data(*str++);
  60   2          }
  61   1      }
  62          
  63          void InitLcd1602()              //1602初始化
  64          {
  65   1          Lcd1602_Write_Cmd(0x38);    //打开，5*8,8位数据
  66   1          Lcd1602_Write_Cmd(0x0c);
  67   1          Lcd1602_Write_Cmd(0x06);
  68   1          Lcd1602_Write_Cmd(0x01);    //清屏   
  69   1      }
  70          
  71          void LCD_Delay10ms(unsigned int c)   //误差 0us
  72          {
  73   1          unsigned char a,b;
  74   1          for(;c>0;c--)
  75   1              for(b=38;b>0;b--)
  76   1                  for(a=130;a>0;a--);
  77   1      }
  78          


MODULE INFORMATION:   STATIC OVERLAYABLE
   CODE SIZE        =    161    ----
   CONSTANT SIZE    =   ----    ----
   XDATA SIZE       =   ----    ----
   PDATA SIZE       =   ----    ----
   DATA SIZE        =   ----       4
   IDATA SIZE       =   ----    ----
   BIT SIZE         =   ----    ----
END OF MODULE INFORMATION.


C51 COMPILATION COMPLETE.  0 WARNING(S),  0 ERROR(S)
